
{"time":"2020-04-10 15:54:13","level":"info","message":"url: /doc, body: {}, params: {}"}
{"time":"2020-04-10 15:54:27","level":"info","message":"url: /users, body: {}, params: {}"}
{"time":"2020-04-10 15:54:43","level":"info","message":"url: /users, body: {\"name\":\"string\",\"login\":\"string\",\"password\":\"string\"}, params: {}"}
{"time":"2020-04-10 15:55:23","level":"info","message":"url: /users/d, body: {}, params: {}"}
{"time":"2020-04-10 15:55:52","level":"info","message":"url: /, body: {}, params: {}"}
{"time":"2020-04-10 15:55:52","level":"info","message":"url: /favicon.ico, body: {}, params: {}"}
{"time":"2020-04-10 15:59:09","level":"info","message":"url: /boards, body: {}, params: {}"}
{"time":"2020-04-10 15:59:19","level":"info","message":"url: /boards, body: {\"title\":\"string\",\"columns\":[{\"title\":\"string\",\"order\":0}]}, params: {}"}
{"time":"2020-04-10 16:01:47","level":"info","message":"url: /users, body: {}, params: {}"}
{"time":"2020-04-10 16:01:47","level":"error","message":"Error: Oopps\n    at router.route.get (D:\\RS\\node_course\\NodeJS\\src\\resources\\users\\user.router.js:20:38)\n    at Layer.handle [as handle_request] (D:\\RS\\node_course\\NodeJS\\node_modules\\express\\lib\\router\\layer.js:95:5)\n    at next (D:\\RS\\node_course\\NodeJS\\node_modules\\express\\lib\\router\\route.js:137:13)\n    at Route.dispatch (D:\\RS\\node_course\\NodeJS\\node_modules\\express\\lib\\router\\route.js:112:3)\n    at Layer.handle [as handle_request] (D:\\RS\\node_course\\NodeJS\\node_modules\\express\\lib\\router\\layer.js:95:5)\n    at D:\\RS\\node_course\\NodeJS\\node_modules\\express\\lib\\router\\index.js:281:22\n    at Function.process_params (D:\\RS\\node_course\\NodeJS\\node_modules\\express\\lib\\router\\index.js:335:12)\n    at next (D:\\RS\\node_course\\NodeJS\\node_modules\\express\\lib\\router\\index.js:275:10)\n    at Function.handle (D:\\RS\\node_course\\NodeJS\\node_modules\\express\\lib\\router\\index.js:174:3)\n    at router (D:\\RS\\node_course\\NodeJS\\node_modules\\express\\lib\\router\\index.js:47:12)"}
{"time":"2020-04-10 16:02:41","level":"info","message":"url: /users, body: {}, params: {}"}
{"time":"2020-04-10 16:02:41","level":"error","message":"Error: Oopps\n    at router.route.get (D:\\RS\\node_course\\NodeJS\\src\\resources\\users\\user.router.js:20:38)\n    at Layer.handle [as handle_request] (D:\\RS\\node_course\\NodeJS\\node_modules\\express\\lib\\router\\layer.js:95:5)\n    at next (D:\\RS\\node_course\\NodeJS\\node_modules\\express\\lib\\router\\route.js:137:13)\n    at Route.dispatch (D:\\RS\\node_course\\NodeJS\\node_modules\\express\\lib\\router\\route.js:112:3)\n    at Layer.handle [as handle_request] (D:\\RS\\node_course\\NodeJS\\node_modules\\express\\lib\\router\\layer.js:95:5)\n    at D:\\RS\\node_course\\NodeJS\\node_modules\\express\\lib\\router\\index.js:281:22\n    at Function.process_params (D:\\RS\\node_course\\NodeJS\\node_modules\\express\\lib\\router\\index.js:335:12)\n    at next (D:\\RS\\node_course\\NodeJS\\node_modules\\express\\lib\\router\\index.js:275:10)\n    at Function.handle (D:\\RS\\node_course\\NodeJS\\node_modules\\express\\lib\\router\\index.js:174:3)\n    at router (D:\\RS\\node_course\\NodeJS\\node_modules\\express\\lib\\router\\index.js:47:12)"}
{"time":"2020-04-10 16:04:29","level":"info","message":"url: /users, body: {}, params: {}"}
{"time":"2020-04-10 16:04:29","level":"error","message":"Error: Oopps\n    at router.route.get (D:\\RS\\node_course\\NodeJS\\src\\resources\\users\\user.router.js:20:38)\n    at Layer.handle [as handle_request] (D:\\RS\\node_course\\NodeJS\\node_modules\\express\\lib\\router\\layer.js:95:5)\n    at next (D:\\RS\\node_course\\NodeJS\\node_modules\\express\\lib\\router\\route.js:137:13)\n    at Route.dispatch (D:\\RS\\node_course\\NodeJS\\node_modules\\express\\lib\\router\\route.js:112:3)\n    at Layer.handle [as handle_request] (D:\\RS\\node_course\\NodeJS\\node_modules\\express\\lib\\router\\layer.js:95:5)\n    at D:\\RS\\node_course\\NodeJS\\node_modules\\express\\lib\\router\\index.js:281:22\n    at Function.process_params (D:\\RS\\node_course\\NodeJS\\node_modules\\express\\lib\\router\\index.js:335:12)\n    at next (D:\\RS\\node_course\\NodeJS\\node_modules\\express\\lib\\router\\index.js:275:10)\n    at Function.handle (D:\\RS\\node_course\\NodeJS\\node_modules\\express\\lib\\router\\index.js:174:3)\n    at router (D:\\RS\\node_course\\NodeJS\\node_modules\\express\\lib\\router\\index.js:47:12)"}
{"time":"2020-04-10 16:04:35","level":"info","message":"url: /users, body: {\"name\":\"string\",\"login\":\"string\",\"password\":\"string\"}, params: {}"}
{"time":"2020-04-10 16:04:40","level":"info","message":"url: /users/d, body: {}, params: {}"}
{"time":"2020-04-10 16:04:47","level":"info","message":"url: /users/gre, body: {}, params: {}"}
{"time":"2020-04-10 16:05:08","level":"info","message":"url: /users, body: {}, params: {}"}
{"time":"2020-04-10 16:05:08","level":"error","message":"Error: Oopps\n    at router.route.get (D:\\RS\\node_course\\NodeJS\\src\\resources\\users\\user.router.js:20:38)\n    at Layer.handle [as handle_request] (D:\\RS\\node_course\\NodeJS\\node_modules\\express\\lib\\router\\layer.js:95:5)\n    at next (D:\\RS\\node_course\\NodeJS\\node_modules\\express\\lib\\router\\route.js:137:13)\n    at Route.dispatch (D:\\RS\\node_course\\NodeJS\\node_modules\\express\\lib\\router\\route.js:112:3)\n    at Layer.handle [as handle_request] (D:\\RS\\node_course\\NodeJS\\node_modules\\express\\lib\\router\\layer.js:95:5)\n    at D:\\RS\\node_course\\NodeJS\\node_modules\\express\\lib\\router\\index.js:281:22\n    at Function.process_params (D:\\RS\\node_course\\NodeJS\\node_modules\\express\\lib\\router\\index.js:335:12)\n    at next (D:\\RS\\node_course\\NodeJS\\node_modules\\express\\lib\\router\\index.js:275:10)\n    at Function.handle (D:\\RS\\node_course\\NodeJS\\node_modules\\express\\lib\\router\\index.js:174:3)\n    at router (D:\\RS\\node_course\\NodeJS\\node_modules\\express\\lib\\router\\index.js:47:12)"}
{"time":"2020-04-10 16:05:13","level":"info","message":"url: /users, body: {}, params: {}"}
{"time":"2020-04-10 16:05:13","level":"error","message":"Error: Oopps\n    at router.route.get (D:\\RS\\node_course\\NodeJS\\src\\resources\\users\\user.router.js:20:38)\n    at Layer.handle [as handle_request] (D:\\RS\\node_course\\NodeJS\\node_modules\\express\\lib\\router\\layer.js:95:5)\n    at next (D:\\RS\\node_course\\NodeJS\\node_modules\\express\\lib\\router\\route.js:137:13)\n    at Route.dispatch (D:\\RS\\node_course\\NodeJS\\node_modules\\express\\lib\\router\\route.js:112:3)\n    at Layer.handle [as handle_request] (D:\\RS\\node_course\\NodeJS\\node_modules\\express\\lib\\router\\layer.js:95:5)\n    at D:\\RS\\node_course\\NodeJS\\node_modules\\express\\lib\\router\\index.js:281:22\n    at Function.process_params (D:\\RS\\node_course\\NodeJS\\node_modules\\express\\lib\\router\\index.js:335:12)\n    at next (D:\\RS\\node_course\\NodeJS\\node_modules\\express\\lib\\router\\index.js:275:10)\n    at Function.handle (D:\\RS\\node_course\\NodeJS\\node_modules\\express\\lib\\router\\index.js:174:3)\n    at router (D:\\RS\\node_course\\NodeJS\\node_modules\\express\\lib\\router\\index.js:47:12)"}
{"time":"2020-04-10 16:05:43","level":"info","message":"url: /users, body: {}, params: {}"}
{"time":"2020-04-10 16:05:43","level":"error","message":"Error: Oopps\n    at router.route.get (D:\\RS\\node_course\\NodeJS\\src\\resources\\users\\user.router.js:20:38)\n    at Layer.handle [as handle_request] (D:\\RS\\node_course\\NodeJS\\node_modules\\express\\lib\\router\\layer.js:95:5)\n    at next (D:\\RS\\node_course\\NodeJS\\node_modules\\express\\lib\\router\\route.js:137:13)\n    at Route.dispatch (D:\\RS\\node_course\\NodeJS\\node_modules\\express\\lib\\router\\route.js:112:3)\n    at Layer.handle [as handle_request] (D:\\RS\\node_course\\NodeJS\\node_modules\\express\\lib\\router\\layer.js:95:5)\n    at D:\\RS\\node_course\\NodeJS\\node_modules\\express\\lib\\router\\index.js:281:22\n    at Function.process_params (D:\\RS\\node_course\\NodeJS\\node_modules\\express\\lib\\router\\index.js:335:12)\n    at next (D:\\RS\\node_course\\NodeJS\\node_modules\\express\\lib\\router\\index.js:275:10)\n    at Function.handle (D:\\RS\\node_course\\NodeJS\\node_modules\\express\\lib\\router\\index.js:174:3)\n    at router (D:\\RS\\node_course\\NodeJS\\node_modules\\express\\lib\\router\\index.js:47:12)"}
{"time":"2020-04-10 16:13:24","level":"info","message":"url: /users, body: {}, params: {}"}
{"time":"2020-04-10 16:13:24","level":"error","message":"Error: Oopps\n    at router.route.get (D:\\RS\\node_course\\NodeJS\\src\\resources\\users\\user.router.js:20:38)\n    at Layer.handle [as handle_request] (D:\\RS\\node_course\\NodeJS\\node_modules\\express\\lib\\router\\layer.js:95:5)\n    at next (D:\\RS\\node_course\\NodeJS\\node_modules\\express\\lib\\router\\route.js:137:13)\n    at Route.dispatch (D:\\RS\\node_course\\NodeJS\\node_modules\\express\\lib\\router\\route.js:112:3)\n    at Layer.handle [as handle_request] (D:\\RS\\node_course\\NodeJS\\node_modules\\express\\lib\\router\\layer.js:95:5)\n    at D:\\RS\\node_course\\NodeJS\\node_modules\\express\\lib\\router\\index.js:281:22\n    at Function.process_params (D:\\RS\\node_course\\NodeJS\\node_modules\\express\\lib\\router\\index.js:335:12)\n    at next (D:\\RS\\node_course\\NodeJS\\node_modules\\express\\lib\\router\\index.js:275:10)\n    at Function.handle (D:\\RS\\node_course\\NodeJS\\node_modules\\express\\lib\\router\\index.js:174:3)\n    at router (D:\\RS\\node_course\\NodeJS\\node_modules\\express\\lib\\router\\index.js:47:12)"}
{"time":"2020-04-10 16:13:50","level":"info","message":"url: /users, body: {}, params: {}"}
{"time":"2020-04-10 16:13:50","level":"error","message":"Error: Oopps\n    at router.route.get (D:\\RS\\node_course\\NodeJS\\src\\resources\\users\\user.router.js:20:38)\n    at Layer.handle [as handle_request] (D:\\RS\\node_course\\NodeJS\\node_modules\\express\\lib\\router\\layer.js:95:5)\n    at next (D:\\RS\\node_course\\NodeJS\\node_modules\\express\\lib\\router\\route.js:137:13)\n    at Route.dispatch (D:\\RS\\node_course\\NodeJS\\node_modules\\express\\lib\\router\\route.js:112:3)\n    at Layer.handle [as handle_request] (D:\\RS\\node_course\\NodeJS\\node_modules\\express\\lib\\router\\layer.js:95:5)\n    at D:\\RS\\node_course\\NodeJS\\node_modules\\express\\lib\\router\\index.js:281:22\n    at Function.process_params (D:\\RS\\node_course\\NodeJS\\node_modules\\express\\lib\\router\\index.js:335:12)\n    at next (D:\\RS\\node_course\\NodeJS\\node_modules\\express\\lib\\router\\index.js:275:10)\n    at Function.handle (D:\\RS\\node_course\\NodeJS\\node_modules\\express\\lib\\router\\index.js:174:3)\n    at router (D:\\RS\\node_course\\NodeJS\\node_modules\\express\\lib\\router\\index.js:47:12)"}
{"time":"2020-04-10 16:15:24","level":"info","message":"url: /users, body: {}, params: {}"}
{"time":"2020-04-10 16:15:24","level":"error","message":"Error: Oopps\n    at router.route.get (D:\\RS\\node_course\\NodeJS\\src\\resources\\users\\user.router.js:20:38)\n    at Layer.handle [as handle_request] (D:\\RS\\node_course\\NodeJS\\node_modules\\express\\lib\\router\\layer.js:95:5)\n    at next (D:\\RS\\node_course\\NodeJS\\node_modules\\express\\lib\\router\\route.js:137:13)\n    at Route.dispatch (D:\\RS\\node_course\\NodeJS\\node_modules\\express\\lib\\router\\route.js:112:3)\n    at Layer.handle [as handle_request] (D:\\RS\\node_course\\NodeJS\\node_modules\\express\\lib\\router\\layer.js:95:5)\n    at D:\\RS\\node_course\\NodeJS\\node_modules\\express\\lib\\router\\index.js:281:22\n    at Function.process_params (D:\\RS\\node_course\\NodeJS\\node_modules\\express\\lib\\router\\index.js:335:12)\n    at next (D:\\RS\\node_course\\NodeJS\\node_modules\\express\\lib\\router\\index.js:275:10)\n    at Function.handle (D:\\RS\\node_course\\NodeJS\\node_modules\\express\\lib\\router\\index.js:174:3)\n    at router (D:\\RS\\node_course\\NodeJS\\node_modules\\express\\lib\\router\\index.js:47:12)"}
{"time":"2020-04-10 16:18:44","level":"info","message":"url: /users, body: {}, params: {}"}
{"time":"2020-04-10 16:18:44","level":"error","message":"Error: Oopps\n    at router.route.get (D:\\RS\\node_course\\NodeJS\\src\\resources\\users\\user.router.js:20:38)\n    at Layer.handle [as handle_request] (D:\\RS\\node_course\\NodeJS\\node_modules\\express\\lib\\router\\layer.js:95:5)\n    at next (D:\\RS\\node_course\\NodeJS\\node_modules\\express\\lib\\router\\route.js:137:13)\n    at Route.dispatch (D:\\RS\\node_course\\NodeJS\\node_modules\\express\\lib\\router\\route.js:112:3)\n    at Layer.handle [as handle_request] (D:\\RS\\node_course\\NodeJS\\node_modules\\express\\lib\\router\\layer.js:95:5)\n    at D:\\RS\\node_course\\NodeJS\\node_modules\\express\\lib\\router\\index.js:281:22\n    at Function.process_params (D:\\RS\\node_course\\NodeJS\\node_modules\\express\\lib\\router\\index.js:335:12)\n    at next (D:\\RS\\node_course\\NodeJS\\node_modules\\express\\lib\\router\\index.js:275:10)\n    at Function.handle (D:\\RS\\node_course\\NodeJS\\node_modules\\express\\lib\\router\\index.js:174:3)\n    at router (D:\\RS\\node_course\\NodeJS\\node_modules\\express\\lib\\router\\index.js:47:12)"}
{"time":"2020-04-10 16:19:05","level":"info","message":"url: /users, body: {}, params: {}"}
{"time":"2020-04-10 16:19:05","level":"error","message":"Error: Oopps\n    at router.route.get (D:\\RS\\node_course\\NodeJS\\src\\resources\\users\\user.router.js:20:38)\n    at Layer.handle [as handle_request] (D:\\RS\\node_course\\NodeJS\\node_modules\\express\\lib\\router\\layer.js:95:5)\n    at next (D:\\RS\\node_course\\NodeJS\\node_modules\\express\\lib\\router\\route.js:137:13)\n    at Route.dispatch (D:\\RS\\node_course\\NodeJS\\node_modules\\express\\lib\\router\\route.js:112:3)\n    at Layer.handle [as handle_request] (D:\\RS\\node_course\\NodeJS\\node_modules\\express\\lib\\router\\layer.js:95:5)\n    at D:\\RS\\node_course\\NodeJS\\node_modules\\express\\lib\\router\\index.js:281:22\n    at Function.process_params (D:\\RS\\node_course\\NodeJS\\node_modules\\express\\lib\\router\\index.js:335:12)\n    at next (D:\\RS\\node_course\\NodeJS\\node_modules\\express\\lib\\router\\index.js:275:10)\n    at Function.handle (D:\\RS\\node_course\\NodeJS\\node_modules\\express\\lib\\router\\index.js:174:3)\n    at router (D:\\RS\\node_course\\NodeJS\\node_modules\\express\\lib\\router\\index.js:47:12)"}
{"time":"2020-04-10 16:19:31","level":"info","message":"url: /users, body: {}, params: {}"}
{"time":"2020-04-10 16:19:31","level":"error","message":"Error: Oopps\n    at router.route.get (D:\\RS\\node_course\\NodeJS\\src\\resources\\users\\user.router.js:20:38)\n    at Layer.handle [as handle_request] (D:\\RS\\node_course\\NodeJS\\node_modules\\express\\lib\\router\\layer.js:95:5)\n    at next (D:\\RS\\node_course\\NodeJS\\node_modules\\express\\lib\\router\\route.js:137:13)\n    at Route.dispatch (D:\\RS\\node_course\\NodeJS\\node_modules\\express\\lib\\router\\route.js:112:3)\n    at Layer.handle [as handle_request] (D:\\RS\\node_course\\NodeJS\\node_modules\\express\\lib\\router\\layer.js:95:5)\n    at D:\\RS\\node_course\\NodeJS\\node_modules\\express\\lib\\router\\index.js:281:22\n    at Function.process_params (D:\\RS\\node_course\\NodeJS\\node_modules\\express\\lib\\router\\index.js:335:12)\n    at next (D:\\RS\\node_course\\NodeJS\\node_modules\\express\\lib\\router\\index.js:275:10)\n    at Function.handle (D:\\RS\\node_course\\NodeJS\\node_modules\\express\\lib\\router\\index.js:174:3)\n    at router (D:\\RS\\node_course\\NodeJS\\node_modules\\express\\lib\\router\\index.js:47:12)"}
{"time":"2020-04-10 16:21:33","level":"info","message":"url: /users, body: {}, params: {}"}
{"time":"2020-04-10 16:21:33","level":"error","message":"Error: Oopps\n    at router.route.get (D:\\RS\\node_course\\NodeJS\\src\\resources\\users\\user.router.js:20:38)\n    at Layer.handle [as handle_request] (D:\\RS\\node_course\\NodeJS\\node_modules\\express\\lib\\router\\layer.js:95:5)\n    at next (D:\\RS\\node_course\\NodeJS\\node_modules\\express\\lib\\router\\route.js:137:13)\n    at Route.dispatch (D:\\RS\\node_course\\NodeJS\\node_modules\\express\\lib\\router\\route.js:112:3)\n    at Layer.handle [as handle_request] (D:\\RS\\node_course\\NodeJS\\node_modules\\express\\lib\\router\\layer.js:95:5)\n    at D:\\RS\\node_course\\NodeJS\\node_modules\\express\\lib\\router\\index.js:281:22\n    at Function.process_params (D:\\RS\\node_course\\NodeJS\\node_modules\\express\\lib\\router\\index.js:335:12)\n    at next (D:\\RS\\node_course\\NodeJS\\node_modules\\express\\lib\\router\\index.js:275:10)\n    at Function.handle (D:\\RS\\node_course\\NodeJS\\node_modules\\express\\lib\\router\\index.js:174:3)\n    at router (D:\\RS\\node_course\\NodeJS\\node_modules\\express\\lib\\router\\index.js:47:12)"}
{"time":"2020-04-10 16:21:33","level":"info","message":"url: /, body: {}, params: {}"}
{"time":"2020-04-10 16:25:28","level":"info","message":"url: /users, body: {}, params: {}"}
{"time":"2020-04-10 16:26:00","level":"info","message":"url: /users, body: {}, params: {}"}
{"time":"2020-04-10 16:26:00","level":"error","message":"Error: Oopps\n    at router.route.get (D:\\RS\\node_course\\NodeJS\\src\\resources\\users\\user.router.js:20:38)\n    at Layer.handle [as handle_request] (D:\\RS\\node_course\\NodeJS\\node_modules\\express\\lib\\router\\layer.js:95:5)\n    at next (D:\\RS\\node_course\\NodeJS\\node_modules\\express\\lib\\router\\route.js:137:13)\n    at Route.dispatch (D:\\RS\\node_course\\NodeJS\\node_modules\\express\\lib\\router\\route.js:112:3)\n    at Layer.handle [as handle_request] (D:\\RS\\node_course\\NodeJS\\node_modules\\express\\lib\\router\\layer.js:95:5)\n    at D:\\RS\\node_course\\NodeJS\\node_modules\\express\\lib\\router\\index.js:281:22\n    at Function.process_params (D:\\RS\\node_course\\NodeJS\\node_modules\\express\\lib\\router\\index.js:335:12)\n    at next (D:\\RS\\node_course\\NodeJS\\node_modules\\express\\lib\\router\\index.js:275:10)\n    at Function.handle (D:\\RS\\node_course\\NodeJS\\node_modules\\express\\lib\\router\\index.js:174:3)\n    at router (D:\\RS\\node_course\\NodeJS\\node_modules\\express\\lib\\router\\index.js:47:12)"}
{"time":"2020-04-10 16:28:04","level":"info","message":"url: /users, body: {}, params: {}"}
{"time":"2020-04-10 16:28:21","level":"info","message":"url: /users, body: {}, params: {}"}
{"time":"2020-04-10 16:28:48","level":"info","message":"url: /users, body: {}, params: {}"}
{"time":"2020-04-10 16:28:48","level":"error","message":"Error: Oopps\n    at router.route.get (D:\\RS\\node_course\\NodeJS\\src\\resources\\users\\user.router.js:20:38)\n    at Layer.handle [as handle_request] (D:\\RS\\node_course\\NodeJS\\node_modules\\express\\lib\\router\\layer.js:95:5)\n    at next (D:\\RS\\node_course\\NodeJS\\node_modules\\express\\lib\\router\\route.js:137:13)\n    at Route.dispatch (D:\\RS\\node_course\\NodeJS\\node_modules\\express\\lib\\router\\route.js:112:3)\n    at Layer.handle [as handle_request] (D:\\RS\\node_course\\NodeJS\\node_modules\\express\\lib\\router\\layer.js:95:5)\n    at D:\\RS\\node_course\\NodeJS\\node_modules\\express\\lib\\router\\index.js:281:22\n    at Function.process_params (D:\\RS\\node_course\\NodeJS\\node_modules\\express\\lib\\router\\index.js:335:12)\n    at next (D:\\RS\\node_course\\NodeJS\\node_modules\\express\\lib\\router\\index.js:275:10)\n    at Function.handle (D:\\RS\\node_course\\NodeJS\\node_modules\\express\\lib\\router\\index.js:174:3)\n    at router (D:\\RS\\node_course\\NodeJS\\node_modules\\express\\lib\\router\\index.js:47:12)"}
{"time":"2020-04-10 16:33:22","level":"info","message":"url: /users, body: {}, params: {}"}
{"time":"2020-04-10 16:33:37","level":"info","message":"url: /users, body: {}, params: {}"}
{"time":"2020-04-10 16:33:58","level":"info","message":"url: /users, body: {}, params: {}"}
{"time":"2020-04-10 16:34:38","level":"info","message":"url: /users, body: {}, params: {}"}
{"time":"2020-04-10 16:34:53","level":"info","message":"url: /users, body: {}, params: {}"}
{"time":"2020-04-10 16:36:02","level":"info","message":"url: /users, body: {}, params: {}"}
{"time":"2020-04-10 16:36:57","level":"info","message":"url: /users, body: {}, params: {}"}
{"time":"2020-04-10 16:39:03","level":"info","message":"url: /users, body: {}, params: {}"}
{"time":"2020-04-10 16:39:03","level":"error","message":"Error: Oopps\n    at router.route.get (D:\\RS\\node_course\\NodeJS\\src\\resources\\users\\user.router.js:20:38)\n    at Layer.handle [as handle_request] (D:\\RS\\node_course\\NodeJS\\node_modules\\express\\lib\\router\\layer.js:95:5)\n    at next (D:\\RS\\node_course\\NodeJS\\node_modules\\express\\lib\\router\\route.js:137:13)\n    at Route.dispatch (D:\\RS\\node_course\\NodeJS\\node_modules\\express\\lib\\router\\route.js:112:3)\n    at Layer.handle [as handle_request] (D:\\RS\\node_course\\NodeJS\\node_modules\\express\\lib\\router\\layer.js:95:5)\n    at D:\\RS\\node_course\\NodeJS\\node_modules\\express\\lib\\router\\index.js:281:22\n    at Function.process_params (D:\\RS\\node_course\\NodeJS\\node_modules\\express\\lib\\router\\index.js:335:12)\n    at next (D:\\RS\\node_course\\NodeJS\\node_modules\\express\\lib\\router\\index.js:275:10)\n    at Function.handle (D:\\RS\\node_course\\NodeJS\\node_modules\\express\\lib\\router\\index.js:174:3)\n    at router (D:\\RS\\node_course\\NodeJS\\node_modules\\express\\lib\\router\\index.js:47:12)"}
{"time":"2020-04-10 16:39:15","level":"info","message":"url: /users, body: {}, params: {}"}
{"time":"2020-04-10 16:39:51","level":"info","message":"url: /users, body: {}, params: {}"}
{"time":"2020-04-10 16:40:21","level":"info","message":"url: /users, body: {}, params: {}"}
{"time":"2020-04-10 16:40:21","level":"error","message":"Error: Oopps\n    at router.route.get (D:\\RS\\node_course\\NodeJS\\src\\resources\\users\\user.router.js:20:38)\n    at Layer.handle [as handle_request] (D:\\RS\\node_course\\NodeJS\\node_modules\\express\\lib\\router\\layer.js:95:5)\n    at next (D:\\RS\\node_course\\NodeJS\\node_modules\\express\\lib\\router\\route.js:137:13)\n    at Route.dispatch (D:\\RS\\node_course\\NodeJS\\node_modules\\express\\lib\\router\\route.js:112:3)\n    at Layer.handle [as handle_request] (D:\\RS\\node_course\\NodeJS\\node_modules\\express\\lib\\router\\layer.js:95:5)\n    at D:\\RS\\node_course\\NodeJS\\node_modules\\express\\lib\\router\\index.js:281:22\n    at Function.process_params (D:\\RS\\node_course\\NodeJS\\node_modules\\express\\lib\\router\\index.js:335:12)\n    at next (D:\\RS\\node_course\\NodeJS\\node_modules\\express\\lib\\router\\index.js:275:10)\n    at Function.handle (D:\\RS\\node_course\\NodeJS\\node_modules\\express\\lib\\router\\index.js:174:3)\n    at router (D:\\RS\\node_course\\NodeJS\\node_modules\\express\\lib\\router\\index.js:47:12)"}
{"time":"2020-04-10 16:45:50","level":"info","message":"url: /users, body: {}, params: {}"}
{"time":"2020-04-10 17:02:37","level":"info","message":"url: /users/d, body: {}, params: {}"}
{"time":"2020-04-10 17:03:03","level":"info","message":"url: /users/d, body: {}, params: {}"}
{"time":"2020-04-10 17:04:00","level":"info","message":"url: /users/d, body: {}, params: {}"}
{"time":"2020-04-10 17:04:00","level":"error","message":"Error: Internal Server Error\n    at router.route.get (D:\\RS\\node_course\\NodeJS\\src\\resources\\users\\user.router.js:40:10)\n    at Layer.handle [as handle_request] (D:\\RS\\node_course\\NodeJS\\node_modules\\express\\lib\\router\\layer.js:95:5)\n    at next (D:\\RS\\node_course\\NodeJS\\node_modules\\express\\lib\\router\\route.js:137:13)\n    at Route.dispatch (D:\\RS\\node_course\\NodeJS\\node_modules\\express\\lib\\router\\route.js:112:3)\n    at Layer.handle [as handle_request] (D:\\RS\\node_course\\NodeJS\\node_modules\\express\\lib\\router\\layer.js:95:5)\n    at D:\\RS\\node_course\\NodeJS\\node_modules\\express\\lib\\router\\index.js:281:22\n    at param (D:\\RS\\node_course\\NodeJS\\node_modules\\express\\lib\\router\\index.js:354:14)\n    at param (D:\\RS\\node_course\\NodeJS\\node_modules\\express\\lib\\router\\index.js:365:14)\n    at Function.process_params (D:\\RS\\node_course\\NodeJS\\node_modules\\express\\lib\\router\\index.js:410:3)\n    at next (D:\\RS\\node_course\\NodeJS\\node_modules\\express\\lib\\router\\index.js:275:10)"}
{"time":"2020-04-10 17:04:08","level":"info","message":"url: /users/d, body: {}, params: {}"}
{"time":"2020-04-10 17:04:08","level":"error","message":"Error: Internal Server Error\n    at router.route.get (D:\\RS\\node_course\\NodeJS\\src\\resources\\users\\user.router.js:40:10)\n    at Layer.handle [as handle_request] (D:\\RS\\node_course\\NodeJS\\node_modules\\express\\lib\\router\\layer.js:95:5)\n    at next (D:\\RS\\node_course\\NodeJS\\node_modules\\express\\lib\\router\\route.js:137:13)\n    at Route.dispatch (D:\\RS\\node_course\\NodeJS\\node_modules\\express\\lib\\router\\route.js:112:3)\n    at Layer.handle [as handle_request] (D:\\RS\\node_course\\NodeJS\\node_modules\\express\\lib\\router\\layer.js:95:5)\n    at D:\\RS\\node_course\\NodeJS\\node_modules\\express\\lib\\router\\index.js:281:22\n    at param (D:\\RS\\node_course\\NodeJS\\node_modules\\express\\lib\\router\\index.js:354:14)\n    at param (D:\\RS\\node_course\\NodeJS\\node_modules\\express\\lib\\router\\index.js:365:14)\n    at Function.process_params (D:\\RS\\node_course\\NodeJS\\node_modules\\express\\lib\\router\\index.js:410:3)\n    at next (D:\\RS\\node_course\\NodeJS\\node_modules\\express\\lib\\router\\index.js:275:10)"}
{"time":"2020-04-10 17:04:28","level":"info","message":"url: /users/d, body: {}, params: {}"}
{"time":"2020-04-10 17:04:28","level":"error","message":"Error: Internal Server Error\n    at router.route.get (D:\\RS\\node_course\\NodeJS\\src\\resources\\users\\user.router.js:40:10)\n    at Layer.handle [as handle_request] (D:\\RS\\node_course\\NodeJS\\node_modules\\express\\lib\\router\\layer.js:95:5)\n    at next (D:\\RS\\node_course\\NodeJS\\node_modules\\express\\lib\\router\\route.js:137:13)\n    at Route.dispatch (D:\\RS\\node_course\\NodeJS\\node_modules\\express\\lib\\router\\route.js:112:3)\n    at Layer.handle [as handle_request] (D:\\RS\\node_course\\NodeJS\\node_modules\\express\\lib\\router\\layer.js:95:5)\n    at D:\\RS\\node_course\\NodeJS\\node_modules\\express\\lib\\router\\index.js:281:22\n    at param (D:\\RS\\node_course\\NodeJS\\node_modules\\express\\lib\\router\\index.js:354:14)\n    at param (D:\\RS\\node_course\\NodeJS\\node_modules\\express\\lib\\router\\index.js:365:14)\n    at Function.process_params (D:\\RS\\node_course\\NodeJS\\node_modules\\express\\lib\\router\\index.js:410:3)\n    at next (D:\\RS\\node_course\\NodeJS\\node_modules\\express\\lib\\router\\index.js:275:10)"}
{"time":"2020-04-10 17:04:47","level":"info","message":"url: /users/d, body: {}, params: {}"}
{"time":"2020-04-10 19:00:50","level":"info","message":"url: /boards, body: {\"title\":\"Autotest board\",\"columns\":[{\"title\":\"Backlog\",\"order\":1},{\"title\":\"Sprint\",\"order\":2}]}, params: {}"}
{"time":"2020-04-10 19:00:50","level":"info","message":"url: /users, body: {}, params: {}"}
{"time":"2020-04-10 19:00:50","level":"info","message":"url: /boards, body: {\"title\":\"Autotest board\",\"columns\":[{\"title\":\"Backlog\",\"order\":1},{\"title\":\"Sprint\",\"order\":2}]}, params: {}"}
{"time":"2020-04-10 19:00:50","level":"info","message":"url: /boards/ec1366c4-ccb5-47bb-b5c5-be9a2b2ab330/tasks, body: {\"title\":\"Autotest task\",\"order\":0,\"description\":\"Lorem ipsum\",\"userId\":null,\"boardId\":null,\"columnId\":null}, params: {}"}
{"time":"2020-04-10 19:00:50","level":"info","message":"url: /boards/ec1366c4-ccb5-47bb-b5c5-be9a2b2ab330/tasks, body: {}, params: {}"}
{"time":"2020-04-10 19:00:50","level":"info","message":"url: /boards, body: {}, params: {}"}
{"time":"2020-04-10 19:00:50","level":"info","message":"url: /users, body: {\"name\":\"TEST_USER\",\"login\":\"test_user\",\"password\":\"T35t_P@55w0rd\"}, params: {}"}
{"time":"2020-04-10 19:00:50","level":"info","message":"url: /users/f4215f1b-fa65-4ea3-b39f-a0a9ec6a21b7, body: {}, params: {}"}
{"time":"2020-04-10 19:00:50","level":"info","message":"url: /boards/ec1366c4-ccb5-47bb-b5c5-be9a2b2ab330/tasks, body: {}, params: {}"}
{"time":"2020-04-10 19:00:50","level":"info","message":"url: /users/f4215f1b-fa65-4ea3-b39f-a0a9ec6a21b7, body: {}, params: {}"}
{"time":"2020-04-10 19:00:50","level":"info","message":"url: /boards, body: {}, params: {}"}
{"time":"2020-04-10 19:00:50","level":"info","message":"url: /boards/ec1366c4-ccb5-47bb-b5c5-be9a2b2ab330/tasks/4ec6ab3c-f435-40e2-9bf2-9574f9a0a549, body: {}, params: {}"}
{"time":"2020-04-10 19:00:50","level":"info","message":"url: /users, body: {\"name\":\"TEST_USER\",\"login\":\"test_user\",\"password\":\"T35t_P@55w0rd\"}, params: {}"}
{"time":"2020-04-10 19:00:50","level":"info","message":"url: /boards/ec1366c4-ccb5-47bb-b5c5-be9a2b2ab330, body: {}, params: {}"}
{"time":"2020-04-10 19:00:50","level":"info","message":"url: /boards/ec1366c4-ccb5-47bb-b5c5-be9a2b2ab330/tasks, body: {\"title\":\"Autotest task\",\"order\":0,\"description\":\"Lorem ipsum\",\"userId\":null,\"boardId\":null,\"columnId\":null}, params: {}"}
{"time":"2020-04-10 19:00:50","level":"info","message":"url: /boards/ec1366c4-ccb5-47bb-b5c5-be9a2b2ab330/tasks/15e527b9-bf78-4c2f-a485-da06053d1ce9, body: {}, params: {}"}
{"time":"2020-04-10 19:00:50","level":"info","message":"url: /users/6523604f-37c1-4620-a987-c3fe289b37e8, body: {}, params: {}"}
{"time":"2020-04-10 19:00:50","level":"info","message":"url: /boards, body: {\"title\":\"Autotest board\",\"columns\":[{\"title\":\"Backlog\",\"order\":1},{\"title\":\"Sprint\",\"order\":2}]}, params: {}"}
{"time":"2020-04-10 19:00:50","level":"info","message":"url: /boards/ec1366c4-ccb5-47bb-b5c5-be9a2b2ab330/tasks, body: {\"title\":\"Autotest task\",\"order\":0,\"description\":\"Lorem ipsum\",\"userId\":null,\"boardId\":null,\"columnId\":null}, params: {}"}
{"time":"2020-04-10 19:00:50","level":"info","message":"url: /users, body: {\"name\":\"TEST_USER\",\"login\":\"test_user\",\"password\":\"T35t_P@55w0rd\"}, params: {}"}
{"time":"2020-04-10 19:00:50","level":"info","message":"url: /boards/ae694340-5099-444d-8687-6feaf9d6d6d5, body: {}, params: {}"}
{"time":"2020-04-10 19:00:50","level":"info","message":"url: /boards/ec1366c4-ccb5-47bb-b5c5-be9a2b2ab330/tasks/e09061fe-30b1-45ec-94bb-3ce147163a42, body: {\"id\":\"e09061fe-30b1-45ec-94bb-3ce147163a42\",\"title\":\"Autotest updated task\",\"order\":0,\"description\":\"Lorem ipsum\",\"userId\":null,\"boardId\":\"ec1366c4-ccb5-47bb-b5c5-be9a2b2ab330\",\"columnId\":null}, params: {}"}
{"time":"2020-04-10 19:00:50","level":"info","message":"url: /users/c36ea1ed-e198-4f87-93ea-e9b3a9421132, body: {\"name\":\"Autotest updated TEST_USER\",\"login\":\"test_user\",\"password\":\"T35t_P@55w0rd\",\"id\":\"c36ea1ed-e198-4f87-93ea-e9b3a9421132\"}, params: {}"}
{"time":"2020-04-10 19:00:50","level":"info","message":"url: /boards, body: {\"title\":\"Autotest board\",\"columns\":[{\"title\":\"Backlog\",\"order\":1},{\"title\":\"Sprint\",\"order\":2}]}, params: {}"}
{"time":"2020-04-10 19:00:50","level":"info","message":"url: /boards/ec1366c4-ccb5-47bb-b5c5-be9a2b2ab330/tasks/e09061fe-30b1-45ec-94bb-3ce147163a42, body: {}, params: {}"}
{"time":"2020-04-10 19:00:50","level":"info","message":"url: /users/c36ea1ed-e198-4f87-93ea-e9b3a9421132, body: {}, params: {}"}
{"time":"2020-04-10 19:00:50","level":"info","message":"url: /boards/6aca4147-a2ad-45ff-8f2b-0b69ff11c8c3, body: {\"id\":\"6aca4147-a2ad-45ff-8f2b-0b69ff11c8c3\",\"title\":\"Autotest updated board\",\"columns\":[{\"id\":\"24dec30d-cfee-4475-962b-cddd50430552\",\"title\":\"Backlog\",\"order\":1},{\"id\":\"e6374890-1572-42db-8ce3-0157fe035419\",\"title\":\"Sprint\",\"order\":2}]}, params: {}"}
{"time":"2020-04-10 19:00:50","level":"info","message":"url: /boards/ec1366c4-ccb5-47bb-b5c5-be9a2b2ab330/tasks/4ec6ab3c-f435-40e2-9bf2-9574f9a0a549, body: {}, params: {}"}
{"time":"2020-04-10 19:00:50","level":"info","message":"url: /users/c36ea1ed-e198-4f87-93ea-e9b3a9421132, body: {}, params: {}"}
{"time":"2020-04-10 19:00:50","level":"info","message":"url: /boards/6aca4147-a2ad-45ff-8f2b-0b69ff11c8c3, body: {}, params: {}"}
{"time":"2020-04-10 19:00:50","level":"info","message":"url: /boards/ec1366c4-ccb5-47bb-b5c5-be9a2b2ab330/tasks/4ec6ab3c-f435-40e2-9bf2-9574f9a0a549, body: {}, params: {}"}
{"time":"2020-04-10 19:00:50","level":"info","message":"url: /users, body: {\"name\":\"TEST_USER\",\"login\":\"test_user\",\"password\":\"T35t_P@55w0rd\"}, params: {}"}
{"time":"2020-04-10 19:00:50","level":"info","message":"url: /boards/6aca4147-a2ad-45ff-8f2b-0b69ff11c8c3, body: {}, params: {}"}
{"time":"2020-04-10 19:00:50","level":"info","message":"url: /boards/ec1366c4-ccb5-47bb-b5c5-be9a2b2ab330/tasks/4ec6ab3c-f435-40e2-9bf2-9574f9a0a549, body: {}, params: {}"}
{"time":"2020-04-10 19:00:50","level":"info","message":"url: /users/0b3f290f-4075-4d89-a0dd-b15641cc9eee, body: {}, params: {}"}
{"time":"2020-04-10 19:00:50","level":"info","message":"url: /boards, body: {}, params: {}"}
{"time":"2020-04-10 19:00:50","level":"info","message":"url: /users, body: {\"name\":\"TEST_USER\",\"login\":\"test_user\",\"password\":\"T35t_P@55w0rd\"}, params: {}"}
{"time":"2020-04-10 19:00:50","level":"info","message":"url: /boards/ec1366c4-ccb5-47bb-b5c5-be9a2b2ab330, body: {}, params: {}"}
{"time":"2020-04-10 19:00:50","level":"info","message":"url: /boards, body: {\"title\":\"Autotest board\",\"columns\":[{\"title\":\"Backlog\",\"order\":1},{\"title\":\"Sprint\",\"order\":2}]}, params: {}"}
{"time":"2020-04-10 19:00:50","level":"info","message":"url: /boards/ec1366c4-ccb5-47bb-b5c5-be9a2b2ab330, body: {}, params: {}"}
{"time":"2020-04-10 19:00:50","level":"info","message":"url: /boards/ec1366c4-ccb5-47bb-b5c5-be9a2b2ab330, body: {}, params: {}"}
{"time":"2020-04-10 19:00:50","level":"info","message":"url: /boards/8fb442a3-9420-487f-baba-7987efd24e62/tasks, body: {\"title\":\"Task #2\",\"order\":2,\"description\":\"Lorem ipsum\",\"userId\":\"0da7a3fe-3422-4da2-9ee4-5d7a6d38c63a\",\"boardId\":\"8fb442a3-9420-487f-baba-7987efd24e62\"}, params: {}"}
{"time":"2020-04-10 19:00:50","level":"info","message":"url: /boards/8fb442a3-9420-487f-baba-7987efd24e62/tasks, body: {\"title\":\"Task #1\",\"order\":1,\"description\":\"Lorem ipsum\",\"userId\":\"0da7a3fe-3422-4da2-9ee4-5d7a6d38c63a\",\"boardId\":\"8fb442a3-9420-487f-baba-7987efd24e62\"}, params: {}"}
{"time":"2020-04-10 19:00:50","level":"info","message":"url: /boards, body: {\"title\":\"Autotest board\",\"columns\":[{\"title\":\"Backlog\",\"order\":1},{\"title\":\"Sprint\",\"order\":2}]}, params: {}"}
{"time":"2020-04-10 19:00:50","level":"info","message":"url: /users/0da7a3fe-3422-4da2-9ee4-5d7a6d38c63a, body: {}, params: {}"}
{"time":"2020-04-10 19:00:50","level":"info","message":"url: /boards/8fb442a3-9420-487f-baba-7987efd24e62/tasks/547daacb-f7ea-4be1-a672-e9885226f871, body: {}, params: {}"}
{"time":"2020-04-10 19:00:50","level":"info","message":"url: /boards/bc755325-bb94-4ed9-bbf9-91cf972c9dae/tasks, body: {\"title\":\"Task #1\",\"order\":1,\"description\":\"Lorem ipsum\",\"boardId\":\"bc755325-bb94-4ed9-bbf9-91cf972c9dae\",\"userId\":null,\"columnId\":null}, params: {}"}
{"time":"2020-04-10 19:00:50","level":"info","message":"url: /boards/bc755325-bb94-4ed9-bbf9-91cf972c9dae/tasks, body: {\"title\":\"Task #2\",\"order\":2,\"description\":\"Lorem ipsum\",\"boardId\":\"bc755325-bb94-4ed9-bbf9-91cf972c9dae\",\"userId\":null,\"columnId\":null}, params: {}"}
{"time":"2020-04-10 19:00:50","level":"info","message":"url: /boards/bc755325-bb94-4ed9-bbf9-91cf972c9dae/tasks, body: {\"title\":\"Task #3\",\"order\":3,\"description\":\"Lorem ipsum\",\"boardId\":\"bc755325-bb94-4ed9-bbf9-91cf972c9dae\",\"userId\":null,\"columnId\":null}, params: {}"}
{"time":"2020-04-10 19:00:50","level":"info","message":"url: /boards/bc755325-bb94-4ed9-bbf9-91cf972c9dae/tasks, body: {\"title\":\"Task #4\",\"order\":4,\"description\":\"Lorem ipsum\",\"boardId\":\"bc755325-bb94-4ed9-bbf9-91cf972c9dae\",\"userId\":null,\"columnId\":null}, params: {}"}
{"time":"2020-04-10 19:00:50","level":"info","message":"url: /boards/bc755325-bb94-4ed9-bbf9-91cf972c9dae/tasks, body: {\"title\":\"Task #5\",\"order\":5,\"description\":\"Lorem ipsum\",\"boardId\":\"bc755325-bb94-4ed9-bbf9-91cf972c9dae\",\"userId\":null,\"columnId\":null}, params: {}"}
{"time":"2020-04-10 19:00:50","level":"info","message":"url: /boards/8fb442a3-9420-487f-baba-7987efd24e62/tasks/e53521d8-4925-47be-b00f-dcb1f3ac90b6, body: {}, params: {}"}
{"time":"2020-04-10 19:00:50","level":"info","message":"url: /boards/bc755325-bb94-4ed9-bbf9-91cf972c9dae/tasks/7e2b7613-272d-4628-a18d-a07042458655, body: {}, params: {}"}
{"time":"2020-04-10 19:00:50","level":"info","message":"url: /boards/bc755325-bb94-4ed9-bbf9-91cf972c9dae/tasks/95ed5b43-88bb-4dbb-8437-bdca7b34bb92, body: {}, params: {}"}
{"time":"2020-04-10 19:00:50","level":"info","message":"url: /boards/bc755325-bb94-4ed9-bbf9-91cf972c9dae/tasks/41b4ae41-c5b4-4d5b-a079-ff6d61221df7, body: {}, params: {}"}
{"time":"2020-04-10 19:00:50","level":"info","message":"url: /boards/bc755325-bb94-4ed9-bbf9-91cf972c9dae/tasks/e39760b8-0765-4b43-bf70-06289bd5bd9b, body: {}, params: {}"}
{"time":"2020-04-10 19:00:50","level":"info","message":"url: /boards/bc755325-bb94-4ed9-bbf9-91cf972c9dae/tasks/6b21f942-1e3e-4a73-9a57-f38122c367c0, body: {}, params: {}"}
{"time":"2020-04-10 19:00:50","level":"info","message":"url: /boards/8fb442a3-9420-487f-baba-7987efd24e62/tasks/547daacb-f7ea-4be1-a672-e9885226f871, body: {}, params: {}"}
{"time":"2020-04-10 19:00:50","level":"info","message":"url: /boards/8fb442a3-9420-487f-baba-7987efd24e62/tasks/e53521d8-4925-47be-b00f-dcb1f3ac90b6, body: {}, params: {}"}
{"time":"2020-04-10 19:00:50","level":"info","message":"url: /boards/bc755325-bb94-4ed9-bbf9-91cf972c9dae, body: {}, params: {}"}
{"time":"2020-04-10 19:00:50","level":"info","message":"url: /boards/8fb442a3-9420-487f-baba-7987efd24e62, body: {}, params: {}"}
{"time":"2020-04-10 19:00:50","level":"info","message":"url: /boards/bc755325-bb94-4ed9-bbf9-91cf972c9dae/tasks/7e2b7613-272d-4628-a18d-a07042458655, body: {}, params: {}"}
{"time":"2020-04-10 19:00:50","level":"info","message":"url: /boards/bc755325-bb94-4ed9-bbf9-91cf972c9dae/tasks/41b4ae41-c5b4-4d5b-a079-ff6d61221df7, body: {}, params: {}"}
{"time":"2020-04-10 19:00:50","level":"info","message":"url: /boards/bc755325-bb94-4ed9-bbf9-91cf972c9dae/tasks/e39760b8-0765-4b43-bf70-06289bd5bd9b, body: {}, params: {}"}
{"time":"2020-04-10 19:00:50","level":"info","message":"url: /boards/bc755325-bb94-4ed9-bbf9-91cf972c9dae/tasks/6b21f942-1e3e-4a73-9a57-f38122c367c0, body: {}, params: {}"}
{"time":"2020-04-10 19:00:50","level":"info","message":"url: /boards/bc755325-bb94-4ed9-bbf9-91cf972c9dae/tasks/95ed5b43-88bb-4dbb-8437-bdca7b34bb92, body: {}, params: {}"}
{"time":"2020-04-10 19:06:16","level":"info","message":"url: /boards, body: {\"title\":\"Autotest board\",\"columns\":[{\"title\":\"Backlog\",\"order\":1},{\"title\":\"Sprint\",\"order\":2}]}, params: {}"}
{"time":"2020-04-10 19:06:16","level":"info","message":"url: /boards, body: {\"title\":\"Autotest board\",\"columns\":[{\"title\":\"Backlog\",\"order\":1},{\"title\":\"Sprint\",\"order\":2}]}, params: {}"}
{"time":"2020-04-10 19:06:16","level":"info","message":"url: /boards, body: {}, params: {}"}
{"time":"2020-04-10 19:06:16","level":"info","message":"url: /users, body: {}, params: {}"}
{"time":"2020-04-10 19:06:16","level":"info","message":"url: /boards, body: {}, params: {}"}
{"time":"2020-04-10 19:06:16","level":"info","message":"url: /boards/94a173f8-eaec-485e-8608-4bcea7147a57, body: {}, params: {}"}
{"time":"2020-04-10 19:06:16","level":"info","message":"url: /boards/67c1ab86-33f5-4ebd-8448-248c9d820ed7/tasks, body: {\"title\":\"Autotest task\",\"order\":0,\"description\":\"Lorem ipsum\",\"userId\":null,\"boardId\":null,\"columnId\":null}, params: {}"}
{"time":"2020-04-10 19:06:16","level":"info","message":"url: /boards, body: {\"title\":\"Autotest board\",\"columns\":[{\"title\":\"Backlog\",\"order\":1},{\"title\":\"Sprint\",\"order\":2}]}, params: {}"}
{"time":"2020-04-10 19:06:16","level":"info","message":"url: /boards/67c1ab86-33f5-4ebd-8448-248c9d820ed7/tasks, body: {}, params: {}"}
{"time":"2020-04-10 19:06:16","level":"info","message":"url: /boards/d2bdf873-8114-41fe-b257-988391d6d6b5, body: {}, params: {}"}
{"time":"2020-04-10 19:06:16","level":"info","message":"url: /boards, body: {\"title\":\"Autotest board\",\"columns\":[{\"title\":\"Backlog\",\"order\":1},{\"title\":\"Sprint\",\"order\":2}]}, params: {}"}
{"time":"2020-04-10 19:06:16","level":"info","message":"url: /boards/90aed030-42b8-45ff-8b43-1cc25188d449, body: {\"id\":\"90aed030-42b8-45ff-8b43-1cc25188d449\",\"title\":\"Autotest updated board\",\"columns\":[{\"id\":\"9f68564a-c9d1-4105-8c61-0463108dbd0e\",\"title\":\"Backlog\",\"order\":1},{\"id\":\"2766a6fd-a485-4525-9e3a-e6f75c8f3d4c\",\"title\":\"Sprint\",\"order\":2}]}, params: {}"}
{"time":"2020-04-10 19:06:16","level":"info","message":"url: /users, body: {\"name\":\"TEST_USER\",\"login\":\"test_user\",\"password\":\"T35t_P@55w0rd\"}, params: {}"}
{"time":"2020-04-10 19:06:16","level":"info","message":"url: /boards/67c1ab86-33f5-4ebd-8448-248c9d820ed7/tasks, body: {}, params: {}"}
{"time":"2020-04-10 19:06:16","level":"info","message":"url: /boards/90aed030-42b8-45ff-8b43-1cc25188d449, body: {}, params: {}"}
{"time":"2020-04-10 19:06:16","level":"info","message":"url: /boards/90aed030-42b8-45ff-8b43-1cc25188d449, body: {}, params: {}"}
{"time":"2020-04-10 19:06:16","level":"info","message":"url: /boards/67c1ab86-33f5-4ebd-8448-248c9d820ed7/tasks/fb9eb584-d36a-484f-80dc-5be990d8485d, body: {}, params: {}"}
{"time":"2020-04-10 19:06:16","level":"info","message":"url: /boards, body: {}, params: {}"}
{"time":"2020-04-10 19:06:16","level":"info","message":"url: /users/985d5b22-f39b-46ed-847f-30a6875ac8e6, body: {}, params: {}"}
{"time":"2020-04-10 19:06:16","level":"info","message":"url: /boards/94a173f8-eaec-485e-8608-4bcea7147a57, body: {}, params: {}"}
{"time":"2020-04-10 19:06:16","level":"info","message":"url: /boards/67c1ab86-33f5-4ebd-8448-248c9d820ed7/tasks, body: {\"title\":\"Autotest task\",\"order\":0,\"description\":\"Lorem ipsum\",\"userId\":null,\"boardId\":null,\"columnId\":null}, params: {}"}
{"time":"2020-04-10 19:06:16","level":"info","message":"url: /users/985d5b22-f39b-46ed-847f-30a6875ac8e6, body: {}, params: {}"}
{"time":"2020-04-10 19:06:16","level":"info","message":"url: /boards/94a173f8-eaec-485e-8608-4bcea7147a57, body: {}, params: {}"}
{"time":"2020-04-10 19:06:16","level":"info","message":"url: /users, body: {\"name\":\"TEST_USER\",\"login\":\"test_user\",\"password\":\"T35t_P@55w0rd\"}, params: {}"}
{"time":"2020-04-10 19:06:16","level":"info","message":"url: /boards/67c1ab86-33f5-4ebd-8448-248c9d820ed7/tasks/96fcb277-0bcb-4f6f-8a87-f3f6bdd64b09, body: {}, params: {}"}
{"time":"2020-04-10 19:06:16","level":"info","message":"url: /boards, body: {\"title\":\"Autotest board\",\"columns\":[{\"title\":\"Backlog\",\"order\":1},{\"title\":\"Sprint\",\"order\":2}]}, params: {}"}
{"time":"2020-04-10 19:06:16","level":"info","message":"url: /boards/67c1ab86-33f5-4ebd-8448-248c9d820ed7/tasks, body: {\"title\":\"Autotest task\",\"order\":0,\"description\":\"Lorem ipsum\",\"userId\":null,\"boardId\":null,\"columnId\":null}, params: {}"}
{"time":"2020-04-10 19:06:16","level":"info","message":"url: /boards/67c1ab86-33f5-4ebd-8448-248c9d820ed7/tasks/e7c42907-6b10-43ba-9510-c965a2f73df2, body: {\"id\":\"e7c42907-6b10-43ba-9510-c965a2f73df2\",\"title\":\"Autotest updated task\",\"order\":0,\"description\":\"Lorem ipsum\",\"userId\":null,\"boardId\":\"67c1ab86-33f5-4ebd-8448-248c9d820ed7\",\"columnId\":null}, params: {}"}
{"time":"2020-04-10 19:06:16","level":"info","message":"url: /boards/e3f36edf-26af-49d8-817e-af5f5c61ae6c/tasks, body: {\"title\":\"Task #4\",\"order\":4,\"description\":\"Lorem ipsum\",\"boardId\":\"e3f36edf-26af-49d8-817e-af5f5c61ae6c\",\"userId\":null,\"columnId\":null}, params: {}"}
{"time":"2020-04-10 19:06:16","level":"info","message":"url: /boards/e3f36edf-26af-49d8-817e-af5f5c61ae6c/tasks, body: {\"title\":\"Task #5\",\"order\":5,\"description\":\"Lorem ipsum\",\"boardId\":\"e3f36edf-26af-49d8-817e-af5f5c61ae6c\",\"userId\":null,\"columnId\":null}, params: {}"}
{"time":"2020-04-10 19:06:16","level":"info","message":"url: /boards/e3f36edf-26af-49d8-817e-af5f5c61ae6c/tasks, body: {\"title\":\"Task #1\",\"order\":1,\"description\":\"Lorem ipsum\",\"boardId\":\"e3f36edf-26af-49d8-817e-af5f5c61ae6c\",\"userId\":null,\"columnId\":null}, params: {}"}
{"time":"2020-04-10 19:06:16","level":"info","message":"url: /boards/e3f36edf-26af-49d8-817e-af5f5c61ae6c/tasks, body: {\"title\":\"Task #2\",\"order\":2,\"description\":\"Lorem ipsum\",\"boardId\":\"e3f36edf-26af-49d8-817e-af5f5c61ae6c\",\"userId\":null,\"columnId\":null}, params: {}"}
{"time":"2020-04-10 19:06:16","level":"info","message":"url: /boards/e3f36edf-26af-49d8-817e-af5f5c61ae6c/tasks, body: {\"title\":\"Task #3\",\"order\":3,\"description\":\"Lorem ipsum\",\"boardId\":\"e3f36edf-26af-49d8-817e-af5f5c61ae6c\",\"userId\":null,\"columnId\":null}, params: {}"}
{"time":"2020-04-10 19:06:16","level":"info","message":"url: /users/0d61f8b7-d18f-4246-89dd-54c1100a2a82, body: {}, params: {}"}
{"time":"2020-04-10 19:06:16","level":"info","message":"url: /boards/67c1ab86-33f5-4ebd-8448-248c9d820ed7/tasks/e7c42907-6b10-43ba-9510-c965a2f73df2, body: {}, params: {}"}
{"time":"2020-04-10 19:06:16","level":"info","message":"url: /boards/e3f36edf-26af-49d8-817e-af5f5c61ae6c/tasks/74fdec12-28b8-48f1-bf82-ce2798741005, body: {}, params: {}"}
{"time":"2020-04-10 19:06:16","level":"info","message":"url: /boards/e3f36edf-26af-49d8-817e-af5f5c61ae6c/tasks/9ac22efb-8793-4cad-9280-84c50d2932cf, body: {}, params: {}"}
{"time":"2020-04-10 19:06:16","level":"info","message":"url: /boards/e3f36edf-26af-49d8-817e-af5f5c61ae6c/tasks/8abf50e5-0541-426d-9de3-5514bdf9da22, body: {}, params: {}"}
{"time":"2020-04-10 19:06:16","level":"info","message":"url: /boards/e3f36edf-26af-49d8-817e-af5f5c61ae6c/tasks/44d27c8b-43ac-475e-95cb-3d616bf66d11, body: {}, params: {}"}
{"time":"2020-04-10 19:06:16","level":"info","message":"url: /users, body: {\"name\":\"TEST_USER\",\"login\":\"test_user\",\"password\":\"T35t_P@55w0rd\"}, params: {}"}
{"time":"2020-04-10 19:06:16","level":"info","message":"url: /boards/e3f36edf-26af-49d8-817e-af5f5c61ae6c/tasks/068b99e4-99de-47e0-a364-7cd77b6ff1aa, body: {}, params: {}"}
{"time":"2020-04-10 19:06:16","level":"info","message":"url: /boards/67c1ab86-33f5-4ebd-8448-248c9d820ed7/tasks/fb9eb584-d36a-484f-80dc-5be990d8485d, body: {}, params: {}"}
{"time":"2020-04-10 19:06:16","level":"info","message":"url: /users/2a4f1e4c-7793-4ce6-aced-f08bedc826c4, body: {\"name\":\"Autotest updated TEST_USER\",\"login\":\"test_user\",\"password\":\"T35t_P@55w0rd\",\"id\":\"2a4f1e4c-7793-4ce6-aced-f08bedc826c4\"}, params: {}"}
{"time":"2020-04-10 19:06:16","level":"info","message":"url: /boards/e3f36edf-26af-49d8-817e-af5f5c61ae6c, body: {}, params: {}"}
{"time":"2020-04-10 19:06:16","level":"info","message":"url: /boards/67c1ab86-33f5-4ebd-8448-248c9d820ed7/tasks/fb9eb584-d36a-484f-80dc-5be990d8485d, body: {}, params: {}"}
{"time":"2020-04-10 19:06:16","level":"info","message":"url: /users/2a4f1e4c-7793-4ce6-aced-f08bedc826c4, body: {}, params: {}"}
{"time":"2020-04-10 19:06:16","level":"info","message":"url: /boards/67c1ab86-33f5-4ebd-8448-248c9d820ed7/tasks/fb9eb584-d36a-484f-80dc-5be990d8485d, body: {}, params: {}"}
{"time":"2020-04-10 19:06:16","level":"info","message":"url: /boards/e3f36edf-26af-49d8-817e-af5f5c61ae6c/tasks/74fdec12-28b8-48f1-bf82-ce2798741005, body: {}, params: {}"}
{"time":"2020-04-10 19:06:16","level":"info","message":"url: /boards/e3f36edf-26af-49d8-817e-af5f5c61ae6c/tasks/9ac22efb-8793-4cad-9280-84c50d2932cf, body: {}, params: {}"}
{"time":"2020-04-10 19:06:16","level":"info","message":"url: /boards/e3f36edf-26af-49d8-817e-af5f5c61ae6c/tasks/8abf50e5-0541-426d-9de3-5514bdf9da22, body: {}, params: {}"}
{"time":"2020-04-10 19:06:16","level":"info","message":"url: /boards/e3f36edf-26af-49d8-817e-af5f5c61ae6c/tasks/44d27c8b-43ac-475e-95cb-3d616bf66d11, body: {}, params: {}"}
{"time":"2020-04-10 19:06:16","level":"info","message":"url: /boards/e3f36edf-26af-49d8-817e-af5f5c61ae6c/tasks/068b99e4-99de-47e0-a364-7cd77b6ff1aa, body: {}, params: {}"}
{"time":"2020-04-10 19:06:16","level":"info","message":"url: /users/2a4f1e4c-7793-4ce6-aced-f08bedc826c4, body: {}, params: {}"}
{"time":"2020-04-10 19:06:16","level":"info","message":"url: /boards/67c1ab86-33f5-4ebd-8448-248c9d820ed7, body: {}, params: {}"}
{"time":"2020-04-10 19:06:16","level":"info","message":"url: /users, body: {\"name\":\"TEST_USER\",\"login\":\"test_user\",\"password\":\"T35t_P@55w0rd\"}, params: {}"}
{"time":"2020-04-10 19:06:16","level":"info","message":"url: /users/56d4ad25-caad-4294-92ac-00ddfac81608, body: {}, params: {}"}
{"time":"2020-04-10 19:06:16","level":"info","message":"url: /users, body: {\"name\":\"TEST_USER\",\"login\":\"test_user\",\"password\":\"T35t_P@55w0rd\"}, params: {}"}
{"time":"2020-04-10 19:06:16","level":"info","message":"url: /boards, body: {\"title\":\"Autotest board\",\"columns\":[{\"title\":\"Backlog\",\"order\":1},{\"title\":\"Sprint\",\"order\":2}]}, params: {}"}
{"time":"2020-04-10 19:06:16","level":"info","message":"url: /boards/1f8b8d7a-1bc1-47d5-920e-f8ec0cc3b014/tasks, body: {\"title\":\"Task #1\",\"order\":1,\"description\":\"Lorem ipsum\",\"userId\":\"1736571d-adc5-415e-8091-884a521cd319\",\"boardId\":\"1f8b8d7a-1bc1-47d5-920e-f8ec0cc3b014\"}, params: {}"}
{"time":"2020-04-10 19:06:16","level":"info","message":"url: /boards/1f8b8d7a-1bc1-47d5-920e-f8ec0cc3b014/tasks, body: {\"title\":\"Task #2\",\"order\":2,\"description\":\"Lorem ipsum\",\"userId\":\"1736571d-adc5-415e-8091-884a521cd319\",\"boardId\":\"1f8b8d7a-1bc1-47d5-920e-f8ec0cc3b014\"}, params: {}"}
{"time":"2020-04-10 19:06:16","level":"info","message":"url: /users/1736571d-adc5-415e-8091-884a521cd319, body: {}, params: {}"}
{"time":"2020-04-10 19:06:16","level":"info","message":"url: /boards/1f8b8d7a-1bc1-47d5-920e-f8ec0cc3b014/tasks/27978f50-7193-41b7-8ee7-0b53ec4e442b, body: {}, params: {}"}
{"time":"2020-04-10 19:06:16","level":"info","message":"url: /boards/1f8b8d7a-1bc1-47d5-920e-f8ec0cc3b014/tasks/7f54accf-f46e-4305-9a2b-f1d267daf079, body: {}, params: {}"}
{"time":"2020-04-10 19:06:16","level":"info","message":"url: /boards/1f8b8d7a-1bc1-47d5-920e-f8ec0cc3b014/tasks/27978f50-7193-41b7-8ee7-0b53ec4e442b, body: {}, params: {}"}
{"time":"2020-04-10 19:06:16","level":"info","message":"url: /boards/1f8b8d7a-1bc1-47d5-920e-f8ec0cc3b014/tasks/7f54accf-f46e-4305-9a2b-f1d267daf079, body: {}, params: {}"}
{"time":"2020-04-10 19:06:16","level":"info","message":"url: /boards/1f8b8d7a-1bc1-47d5-920e-f8ec0cc3b014, body: {}, params: {}"}
{"time":"2020-04-10 19:11:14","level":"info","message":"url: /users, body: {}, params: {}"}
{"time":"2020-04-10 19:11:14","level":"info","message":"url: /boards, body: {\"title\":\"Autotest board\",\"columns\":[{\"title\":\"Backlog\",\"order\":1},{\"title\":\"Sprint\",\"order\":2}]}, params: {}"}
{"time":"2020-04-10 19:11:14","level":"info","message":"url: /boards, body: {\"title\":\"Autotest board\",\"columns\":[{\"title\":\"Backlog\",\"order\":1},{\"title\":\"Sprint\",\"order\":2}]}, params: {}"}
{"time":"2020-04-10 19:11:14","level":"info","message":"url: /users, body: {\"name\":\"TEST_USER\",\"login\":\"test_user\",\"password\":\"T35t_P@55w0rd\"}, params: {}"}
{"time":"2020-04-10 19:11:14","level":"info","message":"url: /users/ae8c325c-4d30-4d2d-82c2-a0b7cada6fca, body: {}, params: {}"}
{"time":"2020-04-10 19:11:14","level":"info","message":"url: /users/ae8c325c-4d30-4d2d-82c2-a0b7cada6fca, body: {}, params: {}"}
{"time":"2020-04-10 19:11:14","level":"info","message":"url: /boards/68fba182-6511-49f9-8129-c44dfa0e13c3/tasks, body: {\"title\":\"Autotest task\",\"order\":0,\"description\":\"Lorem ipsum\",\"userId\":null,\"boardId\":null,\"columnId\":null}, params: {}"}
{"time":"2020-04-10 19:11:14","level":"info","message":"url: /boards, body: {}, params: {}"}
{"time":"2020-04-10 19:11:14","level":"info","message":"url: /users, body: {\"name\":\"TEST_USER\",\"login\":\"test_user\",\"password\":\"T35t_P@55w0rd\"}, params: {}"}
{"time":"2020-04-10 19:11:14","level":"info","message":"url: /boards/68fba182-6511-49f9-8129-c44dfa0e13c3/tasks, body: {}, params: {}"}
{"time":"2020-04-10 19:11:14","level":"info","message":"url: /users/b5629e80-3121-4388-a282-3e6aa884aeeb, body: {}, params: {}"}
{"time":"2020-04-10 19:11:14","level":"info","message":"url: /boards, body: {}, params: {}"}
{"time":"2020-04-10 19:11:14","level":"info","message":"url: /users, body: {\"name\":\"TEST_USER\",\"login\":\"test_user\",\"password\":\"T35t_P@55w0rd\"}, params: {}"}
{"time":"2020-04-10 19:11:14","level":"info","message":"url: /boards/0f533052-462b-4eaf-880f-b08d5fda6453, body: {}, params: {}"}
{"time":"2020-04-10 19:11:15","level":"info","message":"url: /users/12c69e27-865d-4f56-b14b-b7e852f1c79c, body: {\"name\":\"Autotest updated TEST_USER\",\"login\":\"test_user\",\"password\":\"T35t_P@55w0rd\",\"id\":\"12c69e27-865d-4f56-b14b-b7e852f1c79c\"}, params: {}"}
{"time":"2020-04-10 19:11:15","level":"info","message":"url: /boards/68fba182-6511-49f9-8129-c44dfa0e13c3/tasks, body: {}, params: {}"}
{"time":"2020-04-10 19:11:15","level":"info","message":"url: /users/12c69e27-865d-4f56-b14b-b7e852f1c79c, body: {}, params: {}"}
{"time":"2020-04-10 19:11:15","level":"info","message":"url: /boards, body: {\"title\":\"Autotest board\",\"columns\":[{\"title\":\"Backlog\",\"order\":1},{\"title\":\"Sprint\",\"order\":2}]}, params: {}"}
{"time":"2020-04-10 19:11:15","level":"info","message":"url: /boards/68fba182-6511-49f9-8129-c44dfa0e13c3/tasks/c9e645a9-5c8f-4ccb-9207-02613b0439ab, body: {}, params: {}"}
{"time":"2020-04-10 19:11:15","level":"info","message":"url: /users/12c69e27-865d-4f56-b14b-b7e852f1c79c, body: {}, params: {}"}
{"time":"2020-04-10 19:11:15","level":"info","message":"url: /boards/e40f4759-b045-44f5-b307-c219e07f3684, body: {}, params: {}"}
{"time":"2020-04-10 19:11:15","level":"info","message":"url: /users, body: {\"name\":\"TEST_USER\",\"login\":\"test_user\",\"password\":\"T35t_P@55w0rd\"}, params: {}"}
{"time":"2020-04-10 19:11:15","level":"info","message":"url: /boards/68fba182-6511-49f9-8129-c44dfa0e13c3/tasks, body: {\"title\":\"Autotest task\",\"order\":0,\"description\":\"Lorem ipsum\",\"userId\":null,\"boardId\":null,\"columnId\":null}, params: {}"}
{"time":"2020-04-10 19:11:15","level":"info","message":"url: /boards, body: {\"title\":\"Autotest board\",\"columns\":[{\"title\":\"Backlog\",\"order\":1},{\"title\":\"Sprint\",\"order\":2}]}, params: {}"}
{"time":"2020-04-10 19:11:15","level":"info","message":"url: /users/01fcf954-28a3-46db-b1f0-2af334ecaf21, body: {}, params: {}"}
{"time":"2020-04-10 19:11:15","level":"info","message":"url: /boards/2d129efc-0b43-4402-a1e8-7ecc603f7386, body: {\"id\":\"2d129efc-0b43-4402-a1e8-7ecc603f7386\",\"title\":\"Autotest updated board\",\"columns\":[{\"id\":\"4f799a9e-c97f-45b5-a767-97c22134149b\",\"title\":\"Backlog\",\"order\":1},{\"id\":\"b1077b81-7527-4347-bb10-ec43976b7e69\",\"title\":\"Sprint\",\"order\":2}]}, params: {}"}
{"time":"2020-04-10 19:11:15","level":"info","message":"url: /boards/68fba182-6511-49f9-8129-c44dfa0e13c3/tasks/60cd39f7-0114-45a6-a1af-0699a55169d7, body: {}, params: {}"}
{"time":"2020-04-10 19:11:15","level":"info","message":"url: /users, body: {\"name\":\"TEST_USER\",\"login\":\"test_user\",\"password\":\"T35t_P@55w0rd\"}, params: {}"}
{"time":"2020-04-10 19:11:15","level":"info","message":"url: /boards/2d129efc-0b43-4402-a1e8-7ecc603f7386, body: {}, params: {}"}
{"time":"2020-04-10 19:11:15","level":"info","message":"url: /boards/68fba182-6511-49f9-8129-c44dfa0e13c3/tasks, body: {\"title\":\"Autotest task\",\"order\":0,\"description\":\"Lorem ipsum\",\"userId\":null,\"boardId\":null,\"columnId\":null}, params: {}"}
{"time":"2020-04-10 19:11:15","level":"info","message":"url: /boards, body: {\"title\":\"Autotest board\",\"columns\":[{\"title\":\"Backlog\",\"order\":1},{\"title\":\"Sprint\",\"order\":2}]}, params: {}"}
{"time":"2020-04-10 19:11:15","level":"info","message":"url: /boards/2d129efc-0b43-4402-a1e8-7ecc603f7386, body: {}, params: {}"}
{"time":"2020-04-10 19:11:15","level":"info","message":"url: /boards/68fba182-6511-49f9-8129-c44dfa0e13c3/tasks/dbc2a7a0-500e-430b-a74d-3291dcf569b0, body: {\"id\":\"dbc2a7a0-500e-430b-a74d-3291dcf569b0\",\"title\":\"Autotest updated task\",\"order\":0,\"description\":\"Lorem ipsum\",\"userId\":null,\"boardId\":\"68fba182-6511-49f9-8129-c44dfa0e13c3\",\"columnId\":null}, params: {}"}
{"time":"2020-04-10 19:11:15","level":"info","message":"url: /boards/4e8872df-009b-4422-82fa-2bc7e62dbf39/tasks, body: {\"title\":\"Task #1\",\"order\":1,\"description\":\"Lorem ipsum\",\"userId\":\"f335f768-3f27-4c7f-b757-99fe290029e9\",\"boardId\":\"4e8872df-009b-4422-82fa-2bc7e62dbf39\"}, params: {}"}
{"time":"2020-04-10 19:11:15","level":"info","message":"url: /boards/4e8872df-009b-4422-82fa-2bc7e62dbf39/tasks, body: {\"title\":\"Task #2\",\"order\":2,\"description\":\"Lorem ipsum\",\"userId\":\"f335f768-3f27-4c7f-b757-99fe290029e9\",\"boardId\":\"4e8872df-009b-4422-82fa-2bc7e62dbf39\"}, params: {}"}
{"time":"2020-04-10 19:11:15","level":"info","message":"url: /boards, body: {}, params: {}"}
{"time":"2020-04-10 19:11:15","level":"info","message":"url: /boards/68fba182-6511-49f9-8129-c44dfa0e13c3/tasks/dbc2a7a0-500e-430b-a74d-3291dcf569b0, body: {}, params: {}"}
{"time":"2020-04-10 19:11:15","level":"info","message":"url: /users/f335f768-3f27-4c7f-b757-99fe290029e9, body: {}, params: {}"}
{"time":"2020-04-10 19:11:15","level":"info","message":"url: /boards/0f533052-462b-4eaf-880f-b08d5fda6453, body: {}, params: {}"}
{"time":"2020-04-10 19:11:15","level":"info","message":"url: /boards/68fba182-6511-49f9-8129-c44dfa0e13c3/tasks/c9e645a9-5c8f-4ccb-9207-02613b0439ab, body: {}, params: {}"}
{"time":"2020-04-10 19:11:15","level":"info","message":"url: /boards/4e8872df-009b-4422-82fa-2bc7e62dbf39/tasks/cf445370-e17e-46d8-8c84-9d963241346c, body: {}, params: {}"}
{"time":"2020-04-10 19:11:15","level":"info","message":"url: /boards/0f533052-462b-4eaf-880f-b08d5fda6453, body: {}, params: {}"}
{"time":"2020-04-10 19:11:15","level":"info","message":"url: /boards/68fba182-6511-49f9-8129-c44dfa0e13c3/tasks/c9e645a9-5c8f-4ccb-9207-02613b0439ab, body: {}, params: {}"}
{"time":"2020-04-10 19:11:15","level":"info","message":"url: /boards/4e8872df-009b-4422-82fa-2bc7e62dbf39/tasks/99b06eae-7d2b-4c14-a9cf-d635bdd56a32, body: {}, params: {}"}
{"time":"2020-04-10 19:11:15","level":"info","message":"url: /boards, body: {\"title\":\"Autotest board\",\"columns\":[{\"title\":\"Backlog\",\"order\":1},{\"title\":\"Sprint\",\"order\":2}]}, params: {}"}
{"time":"2020-04-10 19:11:15","level":"info","message":"url: /boards/68fba182-6511-49f9-8129-c44dfa0e13c3/tasks/c9e645a9-5c8f-4ccb-9207-02613b0439ab, body: {}, params: {}"}
{"time":"2020-04-10 19:11:15","level":"info","message":"url: /boards/4e8872df-009b-4422-82fa-2bc7e62dbf39/tasks/cf445370-e17e-46d8-8c84-9d963241346c, body: {}, params: {}"}
{"time":"2020-04-10 19:11:15","level":"info","message":"url: /boards/4e8872df-009b-4422-82fa-2bc7e62dbf39/tasks/99b06eae-7d2b-4c14-a9cf-d635bdd56a32, body: {}, params: {}"}
{"time":"2020-04-10 19:11:15","level":"info","message":"url: /boards/928e627a-6d00-473d-80c2-81ceb3f88711/tasks, body: {\"title\":\"Task #1\",\"order\":1,\"description\":\"Lorem ipsum\",\"boardId\":\"928e627a-6d00-473d-80c2-81ceb3f88711\",\"userId\":null,\"columnId\":null}, params: {}"}
{"time":"2020-04-10 19:11:15","level":"info","message":"url: /boards/928e627a-6d00-473d-80c2-81ceb3f88711/tasks, body: {\"title\":\"Task #2\",\"order\":2,\"description\":\"Lorem ipsum\",\"boardId\":\"928e627a-6d00-473d-80c2-81ceb3f88711\",\"userId\":null,\"columnId\":null}, params: {}"}
{"time":"2020-04-10 19:11:15","level":"info","message":"url: /boards/928e627a-6d00-473d-80c2-81ceb3f88711/tasks, body: {\"title\":\"Task #4\",\"order\":4,\"description\":\"Lorem ipsum\",\"boardId\":\"928e627a-6d00-473d-80c2-81ceb3f88711\",\"userId\":null,\"columnId\":null}, params: {}"}
{"time":"2020-04-10 19:11:15","level":"info","message":"url: /boards/928e627a-6d00-473d-80c2-81ceb3f88711/tasks, body: {\"title\":\"Task #5\",\"order\":5,\"description\":\"Lorem ipsum\",\"boardId\":\"928e627a-6d00-473d-80c2-81ceb3f88711\",\"userId\":null,\"columnId\":null}, params: {}"}
{"time":"2020-04-10 19:11:15","level":"info","message":"url: /boards/928e627a-6d00-473d-80c2-81ceb3f88711/tasks, body: {\"title\":\"Task #3\",\"order\":3,\"description\":\"Lorem ipsum\",\"boardId\":\"928e627a-6d00-473d-80c2-81ceb3f88711\",\"userId\":null,\"columnId\":null}, params: {}"}
{"time":"2020-04-10 19:11:15","level":"info","message":"url: /boards/4e8872df-009b-4422-82fa-2bc7e62dbf39, body: {}, params: {}"}
{"time":"2020-04-10 19:11:15","level":"info","message":"url: /boards/68fba182-6511-49f9-8129-c44dfa0e13c3, body: {}, params: {}"}
{"time":"2020-04-10 19:11:15","level":"info","message":"url: /boards/928e627a-6d00-473d-80c2-81ceb3f88711/tasks/648f90f6-fb9c-4882-8bcb-b7d78256dca8, body: {}, params: {}"}
{"time":"2020-04-10 19:11:15","level":"info","message":"url: /boards/928e627a-6d00-473d-80c2-81ceb3f88711/tasks/a826ac9d-9c9f-4717-882c-e3a71efe45eb, body: {}, params: {}"}
{"time":"2020-04-10 19:11:15","level":"info","message":"url: /boards/928e627a-6d00-473d-80c2-81ceb3f88711/tasks/0a1d5cbc-2fa1-4e10-885c-9dc08d9cd799, body: {}, params: {}"}
{"time":"2020-04-10 19:11:15","level":"info","message":"url: /boards/928e627a-6d00-473d-80c2-81ceb3f88711/tasks/66265bd4-abad-4afb-950b-3763ffd4710a, body: {}, params: {}"}
{"time":"2020-04-10 19:11:15","level":"info","message":"url: /boards/928e627a-6d00-473d-80c2-81ceb3f88711/tasks/7ec9c8c3-b3fa-471f-b0d1-f0719dfb17d2, body: {}, params: {}"}
{"time":"2020-04-10 19:11:15","level":"info","message":"url: /boards/928e627a-6d00-473d-80c2-81ceb3f88711, body: {}, params: {}"}
{"time":"2020-04-10 19:11:15","level":"info","message":"url: /boards/928e627a-6d00-473d-80c2-81ceb3f88711/tasks/648f90f6-fb9c-4882-8bcb-b7d78256dca8, body: {}, params: {}"}
{"time":"2020-04-10 19:11:15","level":"info","message":"url: /boards/928e627a-6d00-473d-80c2-81ceb3f88711/tasks/a826ac9d-9c9f-4717-882c-e3a71efe45eb, body: {}, params: {}"}
{"time":"2020-04-10 19:11:15","level":"info","message":"url: /boards/928e627a-6d00-473d-80c2-81ceb3f88711/tasks/0a1d5cbc-2fa1-4e10-885c-9dc08d9cd799, body: {}, params: {}"}
{"time":"2020-04-10 19:11:15","level":"info","message":"url: /boards/928e627a-6d00-473d-80c2-81ceb3f88711/tasks/66265bd4-abad-4afb-950b-3763ffd4710a, body: {}, params: {}"}
{"time":"2020-04-10 19:11:15","level":"info","message":"url: /boards/928e627a-6d00-473d-80c2-81ceb3f88711/tasks/7ec9c8c3-b3fa-471f-b0d1-f0719dfb17d2, body: {}, params: {}"}
{"time":"2020-04-11 19:53:23","level":"info","message":"url: /doc, body: {}, params: {}"}
{"time":"2020-04-11 19:53:28","level":"info","message":"url: /users, body: {}, params: {}"}
{"time":"2020-04-11 19:53:42","level":"info","message":"url: /users, body: {}, params: {}"}
{"time":"2020-04-11 19:54:44","level":"info","message":"url: /users, body: {}, params: {}"}
{"time":"2020-04-12 09:50:33","level":"info","message":"url: /boards, body: {\"title\":\"Autotest board\",\"columns\":[{\"title\":\"Backlog\",\"order\":1},{\"title\":\"Sprint\",\"order\":2}]}, params: {}"}
{"time":"2020-04-12 09:50:33","level":"info","message":"url: /boards, body: {\"title\":\"Autotest board\",\"columns\":[{\"title\":\"Backlog\",\"order\":1},{\"title\":\"Sprint\",\"order\":2}]}, params: {}"}
{"time":"2020-04-12 09:50:33","level":"info","message":"url: /users, body: {}, params: {}"}
{"time":"2020-04-12 09:50:33","level":"info","message":"url: /boards/17ee8be5-e767-4f3b-bf98-db0ebd6ffe8f/tasks, body: {\"title\":\"Autotest task\",\"order\":0,\"description\":\"Lorem ipsum\",\"userId\":null,\"boardId\":null,\"columnId\":null}, params: {}"}
{"time":"2020-04-12 09:50:33","level":"info","message":"url: /boards, body: {}, params: {}"}
{"time":"2020-04-12 09:50:33","level":"info","message":"url: /boards/17ee8be5-e767-4f3b-bf98-db0ebd6ffe8f/tasks, body: {}, params: {}"}
{"time":"2020-04-12 09:50:33","level":"info","message":"url: /users, body: {\"name\":\"TEST_USER\",\"login\":\"test_user\",\"password\":\"T35t_P@55w0rd\"}, params: {}"}
{"time":"2020-04-12 09:50:33","level":"info","message":"url: /users/fd4476eb-10c2-4eb8-93f9-1861a6b2fcf0, body: {}, params: {}"}
{"time":"2020-04-12 09:50:33","level":"info","message":"url: /boards, body: {}, params: {}"}
{"time":"2020-04-12 09:50:33","level":"info","message":"url: /users/fd4476eb-10c2-4eb8-93f9-1861a6b2fcf0, body: {}, params: {}"}
{"time":"2020-04-12 09:50:33","level":"info","message":"url: /boards/17ee8be5-e767-4f3b-bf98-db0ebd6ffe8f/tasks, body: {}, params: {}"}
{"time":"2020-04-12 09:50:33","level":"info","message":"url: /boards/17ee8be5-e767-4f3b-bf98-db0ebd6ffe8f, body: {}, params: {}"}
{"time":"2020-04-12 09:50:33","level":"info","message":"url: /users, body: {\"name\":\"TEST_USER\",\"login\":\"test_user\",\"password\":\"T35t_P@55w0rd\"}, params: {}"}
{"time":"2020-04-12 09:50:33","level":"info","message":"url: /boards/17ee8be5-e767-4f3b-bf98-db0ebd6ffe8f/tasks/5a612bbe-cca6-464d-a3ec-897fbeafa249, body: {}, params: {}"}
{"time":"2020-04-12 09:50:33","level":"info","message":"url: /boards, body: {\"title\":\"Autotest board\",\"columns\":[{\"title\":\"Backlog\",\"order\":1},{\"title\":\"Sprint\",\"order\":2}]}, params: {}"}
{"time":"2020-04-12 09:50:33","level":"info","message":"url: /boards/17ee8be5-e767-4f3b-bf98-db0ebd6ffe8f/tasks, body: {\"title\":\"Autotest task\",\"order\":0,\"description\":\"Lorem ipsum\",\"userId\":null,\"boardId\":null,\"columnId\":null}, params: {}"}
{"time":"2020-04-12 09:50:33","level":"info","message":"url: /boards/f1faa9ad-f2db-4e80-a141-f199ebfb2889, body: {}, params: {}"}
{"time":"2020-04-12 09:50:33","level":"info","message":"url: /users/32f84dc9-b3e4-4a28-b6c7-cce3c5100596, body: {}, params: {}"}
{"time":"2020-04-12 09:50:33","level":"info","message":"url: /boards/17ee8be5-e767-4f3b-bf98-db0ebd6ffe8f/tasks/da26b62e-4cfd-47cd-af2f-317b97612359, body: {}, params: {}"}
{"time":"2020-04-12 09:50:33","level":"info","message":"url: /boards, body: {\"title\":\"Autotest board\",\"columns\":[{\"title\":\"Backlog\",\"order\":1},{\"title\":\"Sprint\",\"order\":2}]}, params: {}"}
{"time":"2020-04-12 09:50:33","level":"info","message":"url: /users, body: {\"name\":\"TEST_USER\",\"login\":\"test_user\",\"password\":\"T35t_P@55w0rd\"}, params: {}"}
{"time":"2020-04-12 09:50:33","level":"info","message":"url: /boards/17ee8be5-e767-4f3b-bf98-db0ebd6ffe8f/tasks, body: {\"title\":\"Autotest task\",\"order\":0,\"description\":\"Lorem ipsum\",\"userId\":null,\"boardId\":null,\"columnId\":null}, params: {}"}
{"time":"2020-04-12 09:50:33","level":"info","message":"url: /boards/50580b80-5eb2-4dc1-91dd-b1516d8e7eab, body: {\"id\":\"50580b80-5eb2-4dc1-91dd-b1516d8e7eab\",\"title\":\"Autotest updated board\",\"columns\":[{\"id\":\"ff38fde0-5288-43d5-b028-1b6b1d9149d8\",\"title\":\"Backlog\",\"order\":1},{\"id\":\"508a5c7f-7cfc-4301-9d6f-ca6e142b5505\",\"title\":\"Sprint\",\"order\":2}]}, params: {}"}
{"time":"2020-04-12 09:50:33","level":"info","message":"url: /users/f5eda37f-f576-4d61-b6b6-37af77e3d4e3, body: {\"name\":\"Autotest updated TEST_USER\",\"login\":\"test_user\",\"password\":\"T35t_P@55w0rd\",\"id\":\"f5eda37f-f576-4d61-b6b6-37af77e3d4e3\"}, params: {}"}
{"time":"2020-04-12 09:50:33","level":"info","message":"url: /boards/17ee8be5-e767-4f3b-bf98-db0ebd6ffe8f/tasks/5975cc31-d92c-45e5-a239-c3e489840262, body: {\"id\":\"5975cc31-d92c-45e5-a239-c3e489840262\",\"title\":\"Autotest updated task\",\"order\":0,\"description\":\"Lorem ipsum\",\"userId\":null,\"boardId\":\"17ee8be5-e767-4f3b-bf98-db0ebd6ffe8f\",\"columnId\":null}, params: {}"}
{"time":"2020-04-12 09:50:33","level":"info","message":"url: /boards/50580b80-5eb2-4dc1-91dd-b1516d8e7eab, body: {}, params: {}"}
{"time":"2020-04-12 09:50:33","level":"info","message":"url: /users/f5eda37f-f576-4d61-b6b6-37af77e3d4e3, body: {}, params: {}"}
{"time":"2020-04-12 09:50:33","level":"info","message":"url: /boards/17ee8be5-e767-4f3b-bf98-db0ebd6ffe8f/tasks/5975cc31-d92c-45e5-a239-c3e489840262, body: {}, params: {}"}
{"time":"2020-04-12 09:50:33","level":"info","message":"url: /boards/50580b80-5eb2-4dc1-91dd-b1516d8e7eab, body: {}, params: {}"}
{"time":"2020-04-12 09:50:33","level":"info","message":"url: /users/f5eda37f-f576-4d61-b6b6-37af77e3d4e3, body: {}, params: {}"}
{"time":"2020-04-12 09:50:33","level":"info","message":"url: /boards/17ee8be5-e767-4f3b-bf98-db0ebd6ffe8f/tasks/5a612bbe-cca6-464d-a3ec-897fbeafa249, body: {}, params: {}"}
{"time":"2020-04-12 09:50:33","level":"info","message":"url: /boards, body: {}, params: {}"}
{"time":"2020-04-12 09:50:33","level":"info","message":"url: /users, body: {\"name\":\"TEST_USER\",\"login\":\"test_user\",\"password\":\"T35t_P@55w0rd\"}, params: {}"}
{"time":"2020-04-12 09:50:33","level":"info","message":"url: /boards/17ee8be5-e767-4f3b-bf98-db0ebd6ffe8f/tasks/5a612bbe-cca6-464d-a3ec-897fbeafa249, body: {}, params: {}"}
{"time":"2020-04-12 09:50:33","level":"info","message":"url: /boards/17ee8be5-e767-4f3b-bf98-db0ebd6ffe8f, body: {}, params: {}"}
{"time":"2020-04-12 09:50:33","level":"info","message":"url: /users/26f2b3c2-0617-4b69-83fb-d3568505e64d, body: {}, params: {}"}
{"time":"2020-04-12 09:50:33","level":"info","message":"url: /boards/17ee8be5-e767-4f3b-bf98-db0ebd6ffe8f/tasks/5a612bbe-cca6-464d-a3ec-897fbeafa249, body: {}, params: {}"}
{"time":"2020-04-12 09:50:33","level":"info","message":"url: /boards/17ee8be5-e767-4f3b-bf98-db0ebd6ffe8f, body: {}, params: {}"}
{"time":"2020-04-12 09:50:33","level":"info","message":"url: /users, body: {\"name\":\"TEST_USER\",\"login\":\"test_user\",\"password\":\"T35t_P@55w0rd\"}, params: {}"}
{"time":"2020-04-12 09:50:33","level":"info","message":"url: /boards, body: {\"title\":\"Autotest board\",\"columns\":[{\"title\":\"Backlog\",\"order\":1},{\"title\":\"Sprint\",\"order\":2}]}, params: {}"}
{"time":"2020-04-12 09:50:33","level":"info","message":"url: /boards, body: {\"title\":\"Autotest board\",\"columns\":[{\"title\":\"Backlog\",\"order\":1},{\"title\":\"Sprint\",\"order\":2}]}, params: {}"}
{"time":"2020-04-12 09:50:33","level":"info","message":"url: /boards/17ee8be5-e767-4f3b-bf98-db0ebd6ffe8f, body: {}, params: {}"}
{"time":"2020-04-12 09:50:33","level":"info","message":"url: /boards/1d23e542-8d3f-46d9-88f5-e2617e108391/tasks, body: {\"title\":\"Task #1\",\"order\":1,\"description\":\"Lorem ipsum\",\"userId\":\"f2704d68-ec48-4b01-8538-0e1a69833dbe\",\"boardId\":\"1d23e542-8d3f-46d9-88f5-e2617e108391\"}, params: {}"}
{"time":"2020-04-12 09:50:33","level":"info","message":"url: /boards/12b5e010-51ba-4bfb-adfc-79920526c980/tasks, body: {\"title\":\"Task #5\",\"order\":5,\"description\":\"Lorem ipsum\",\"boardId\":\"12b5e010-51ba-4bfb-adfc-79920526c980\",\"userId\":null,\"columnId\":null}, params: {}"}
{"time":"2020-04-12 09:50:33","level":"info","message":"url: /boards/12b5e010-51ba-4bfb-adfc-79920526c980/tasks, body: {\"title\":\"Task #1\",\"order\":1,\"description\":\"Lorem ipsum\",\"boardId\":\"12b5e010-51ba-4bfb-adfc-79920526c980\",\"userId\":null,\"columnId\":null}, params: {}"}
{"time":"2020-04-12 09:50:33","level":"info","message":"url: /boards/12b5e010-51ba-4bfb-adfc-79920526c980/tasks, body: {\"title\":\"Task #2\",\"order\":2,\"description\":\"Lorem ipsum\",\"boardId\":\"12b5e010-51ba-4bfb-adfc-79920526c980\",\"userId\":null,\"columnId\":null}, params: {}"}
{"time":"2020-04-12 09:50:33","level":"info","message":"url: /boards/12b5e010-51ba-4bfb-adfc-79920526c980/tasks, body: {\"title\":\"Task #3\",\"order\":3,\"description\":\"Lorem ipsum\",\"boardId\":\"12b5e010-51ba-4bfb-adfc-79920526c980\",\"userId\":null,\"columnId\":null}, params: {}"}
{"time":"2020-04-12 09:50:33","level":"info","message":"url: /boards/12b5e010-51ba-4bfb-adfc-79920526c980/tasks, body: {\"title\":\"Task #4\",\"order\":4,\"description\":\"Lorem ipsum\",\"boardId\":\"12b5e010-51ba-4bfb-adfc-79920526c980\",\"userId\":null,\"columnId\":null}, params: {}"}
{"time":"2020-04-12 09:50:33","level":"info","message":"url: /boards/1d23e542-8d3f-46d9-88f5-e2617e108391/tasks, body: {\"title\":\"Task #2\",\"order\":2,\"description\":\"Lorem ipsum\",\"userId\":\"f2704d68-ec48-4b01-8538-0e1a69833dbe\",\"boardId\":\"1d23e542-8d3f-46d9-88f5-e2617e108391\"}, params: {}"}
{"time":"2020-04-12 09:50:33","level":"info","message":"url: /users/f2704d68-ec48-4b01-8538-0e1a69833dbe, body: {}, params: {}"}
{"time":"2020-04-12 09:50:33","level":"info","message":"url: /boards/12b5e010-51ba-4bfb-adfc-79920526c980/tasks/9c1ceefe-31a7-4885-a12d-cb3eb8259c06, body: {}, params: {}"}
{"time":"2020-04-12 09:50:33","level":"info","message":"url: /boards/12b5e010-51ba-4bfb-adfc-79920526c980/tasks/17c11d5e-a198-4b2e-973c-a035489604bf, body: {}, params: {}"}
{"time":"2020-04-12 09:50:33","level":"info","message":"url: /boards/12b5e010-51ba-4bfb-adfc-79920526c980/tasks/dae70d57-c233-4a05-8d3b-ae5daf6f6d25, body: {}, params: {}"}
{"time":"2020-04-12 09:50:33","level":"info","message":"url: /boards/12b5e010-51ba-4bfb-adfc-79920526c980/tasks/79a48346-b642-41eb-8a4c-8fe2ff852a7d, body: {}, params: {}"}
{"time":"2020-04-12 09:50:33","level":"info","message":"url: /boards/12b5e010-51ba-4bfb-adfc-79920526c980/tasks/6ee689a3-c4d8-4f07-9804-36063f1ec44e, body: {}, params: {}"}
{"time":"2020-04-12 09:50:33","level":"info","message":"url: /boards/1d23e542-8d3f-46d9-88f5-e2617e108391/tasks/0c182051-48f9-4434-b749-dd13834dc43e, body: {}, params: {}"}
{"time":"2020-04-12 09:50:33","level":"info","message":"url: /boards/12b5e010-51ba-4bfb-adfc-79920526c980, body: {}, params: {}"}
{"time":"2020-04-12 09:50:33","level":"info","message":"url: /boards/1d23e542-8d3f-46d9-88f5-e2617e108391/tasks/aa865fc6-7290-42ea-83a4-386c466ee3bd, body: {}, params: {}"}
{"time":"2020-04-12 09:50:33","level":"info","message":"url: /boards/1d23e542-8d3f-46d9-88f5-e2617e108391/tasks/0c182051-48f9-4434-b749-dd13834dc43e, body: {}, params: {}"}
{"time":"2020-04-12 09:50:33","level":"info","message":"url: /boards/1d23e542-8d3f-46d9-88f5-e2617e108391/tasks/aa865fc6-7290-42ea-83a4-386c466ee3bd, body: {}, params: {}"}
{"time":"2020-04-12 09:50:33","level":"info","message":"url: /boards/12b5e010-51ba-4bfb-adfc-79920526c980/tasks/9c1ceefe-31a7-4885-a12d-cb3eb8259c06, body: {}, params: {}"}
{"time":"2020-04-12 09:50:33","level":"info","message":"url: /boards/12b5e010-51ba-4bfb-adfc-79920526c980/tasks/17c11d5e-a198-4b2e-973c-a035489604bf, body: {}, params: {}"}
{"time":"2020-04-12 09:50:33","level":"info","message":"url: /boards/12b5e010-51ba-4bfb-adfc-79920526c980/tasks/dae70d57-c233-4a05-8d3b-ae5daf6f6d25, body: {}, params: {}"}
{"time":"2020-04-12 09:50:33","level":"info","message":"url: /boards/12b5e010-51ba-4bfb-adfc-79920526c980/tasks/79a48346-b642-41eb-8a4c-8fe2ff852a7d, body: {}, params: {}"}
{"time":"2020-04-12 09:50:33","level":"info","message":"url: /boards/12b5e010-51ba-4bfb-adfc-79920526c980/tasks/6ee689a3-c4d8-4f07-9804-36063f1ec44e, body: {}, params: {}"}
{"time":"2020-04-12 09:50:33","level":"info","message":"url: /boards/1d23e542-8d3f-46d9-88f5-e2617e108391, body: {}, params: {}"}
